DRb::DRbConnError: druby://192.168.11.123:61676 - #<Errno::ECONNREFUSED: Connection refused - Connection refused>
            open at /home/matteo/.rvm/rubies/jruby-1.6.6/lib/ruby/1.9/drb/drb.rb:736
            each at org/jruby/RubyArray.java:1614
            open at /home/matteo/.rvm/rubies/jruby-1.6.6/lib/ruby/1.9/drb/drb.rb:729
      initialize at /home/matteo/.rvm/rubies/jruby-1.6.6/lib/ruby/1.9/drb/drb.rb:1191
            open at /home/matteo/.rvm/rubies/jruby-1.6.6/lib/ruby/1.9/drb/drb.rb:1171
  method_missing at /home/matteo/.rvm/rubies/jruby-1.6.6/lib/ruby/1.9/drb/drb.rb:1087
     with_friend at /home/matteo/.rvm/rubies/jruby-1.6.6/lib/ruby/1.9/drb/drb.rb:1105
  method_missing at /home/matteo/.rvm/rubies/jruby-1.6.6/lib/ruby/1.9/drb/drb.rb:1086
   start_service at ../node_grab.rb:139
          (root) at ../node_grab.rb:147
DRb::DRbConnError: druby://192.168.11.123:61676 - #<Errno::ECONNREFUSED: Connection refused - Connection refused>
            open at /home/matteo/.rvm/rubies/jruby-1.6.6/lib/ruby/1.9/drb/drb.rb:736
            each at org/jruby/RubyArray.java:1614
            open at /home/matteo/.rvm/rubies/jruby-1.6.6/lib/ruby/1.9/drb/drb.rb:729
      initialize at /home/matteo/.rvm/rubies/jruby-1.6.6/lib/ruby/1.9/drb/drb.rb:1191
            open at /home/matteo/.rvm/rubies/jruby-1.6.6/lib/ruby/1.9/drb/drb.rb:1171
  method_missing at /home/matteo/.rvm/rubies/jruby-1.6.6/lib/ruby/1.9/drb/drb.rb:1087
     with_friend at /home/matteo/.rvm/rubies/jruby-1.6.6/lib/ruby/1.9/drb/drb.rb:1105
  method_missing at /home/matteo/.rvm/rubies/jruby-1.6.6/lib/ruby/1.9/drb/drb.rb:1086
   start_service at ../node_grab.rb:139
          (root) at ../node_grab.rb:147
DRb::DRbConnError: druby://192.168.11.123:61676 - #<Errno::ECONNREFUSED: Connection refused - Connection refused>
            open at /home/matteo/.rvm/rubies/jruby-1.6.6/lib/ruby/1.9/drb/drb.rb:736
            each at org/jruby/RubyArray.java:1614
            open at /home/matteo/.rvm/rubies/jruby-1.6.6/lib/ruby/1.9/drb/drb.rb:729
      initialize at /home/matteo/.rvm/rubies/jruby-1.6.6/lib/ruby/1.9/drb/drb.rb:1191
            open at /home/matteo/.rvm/rubies/jruby-1.6.6/lib/ruby/1.9/drb/drb.rb:1171
  method_missing at /home/matteo/.rvm/rubies/jruby-1.6.6/lib/ruby/1.9/drb/drb.rb:1087
     with_friend at /home/matteo/.rvm/rubies/jruby-1.6.6/lib/ruby/1.9/drb/drb.rb:1105
  method_missing at /home/matteo/.rvm/rubies/jruby-1.6.6/lib/ruby/1.9/drb/drb.rb:1086
   start_service at ../node_grab.rb:140
          (root) at ../node_grab.rb:148
DRb::DRbConnError: druby://192.168.11.123:61676 - #<Errno::ECONNREFUSED: Connection refused - Connection refused>
            open at /home/matteo/.rvm/rubies/jruby-1.6.6/lib/ruby/1.9/drb/drb.rb:736
            each at org/jruby/RubyArray.java:1614
            open at /home/matteo/.rvm/rubies/jruby-1.6.6/lib/ruby/1.9/drb/drb.rb:729
      initialize at /home/matteo/.rvm/rubies/jruby-1.6.6/lib/ruby/1.9/drb/drb.rb:1191
            open at /home/matteo/.rvm/rubies/jruby-1.6.6/lib/ruby/1.9/drb/drb.rb:1171
  method_missing at /home/matteo/.rvm/rubies/jruby-1.6.6/lib/ruby/1.9/drb/drb.rb:1087
     with_friend at /home/matteo/.rvm/rubies/jruby-1.6.6/lib/ruby/1.9/drb/drb.rb:1105
  method_missing at /home/matteo/.rvm/rubies/jruby-1.6.6/lib/ruby/1.9/drb/drb.rb:1086
   start_service at ../node_grab.rb:140
          (root) at ../node_grab.rb:148
/home/matteo/.rvm/rubies/jruby-1.6.6/lib/ruby/site_ruby/shared/builtin/javasupport/core_ext/module.rb:35 warning: replacing Thread with Java::JavaLang::Thread in constant 'Thread on class/module JavaLang
Exception in thread "Thread-46" org.jruby.exceptions.RaiseException: (TypeError) allocator undefined for NativeException
	at org.jruby.RubyClass.allocate(org/jruby/RubyClass.java:219)
	at org.jruby.RubyMarshal.load(org/jruby/RubyMarshal.java:148)
	at DRb::DRbMessage.load(/home/matteo/.rvm/rubies/jruby-1.6.6/lib/ruby/1.9/drb/drb.rb:585)
	at DRb::DRbMessage.load(/home/matteo/.rvm/rubies/jruby-1.6.6/lib/ruby/1.9/drb/drb.rb:581)
	at DRb::DRbMessage.recv_reply(/home/matteo/.rvm/rubies/jruby-1.6.6/lib/ruby/1.9/drb/drb.rb:633)
	at DRb::DRbTCPSocket.recv_reply(/home/matteo/.rvm/rubies/jruby-1.6.6/lib/ruby/1.9/drb/drb.rb:918)
	at DRb::DRbConn.send_message(/home/matteo/.rvm/rubies/jruby-1.6.6/lib/ruby/1.9/drb/drb.rb:1197)
	at DRb::DRbObject.method_missing(/home/matteo/.rvm/rubies/jruby-1.6.6/lib/ruby/1.9/drb/drb.rb:1088)
	at #<Class:0x1c45ce17>.open(/home/matteo/.rvm/rubies/jruby-1.6.6/lib/ruby/1.9/drb/drb.rb:1172)
	at DRb::DRbObject.method_missing(/home/matteo/.rvm/rubies/jruby-1.6.6/lib/ruby/1.9/drb/drb.rb:1087)
	at #<Class:0x41e22632>.with_friend(/home/matteo/.rvm/rubies/jruby-1.6.6/lib/ruby/1.9/drb/drb.rb:1105)
	at DRb::DRbObject.method_missing(/home/matteo/.rvm/rubies/jruby-1.6.6/lib/ruby/1.9/drb/drb.rb:1086)
	at Wise.persistence_with_error(/home/matteo/sviluppo/rqueue_jruby/lib/node_grab/wise.rb:33)
	at $_dot_dot_.node_grab.run(../node_grab.rb:44)
/home/matteo/.rvm/rubies/jruby-1.6.6/lib/ruby/site_ruby/shared/builtin/javasupport/core_ext/module.rb:35 warning: replacing Thread with Java::JavaLang::Thread in constant 'Thread on class/module JavaLang
