Listening for connection ...
--------------------------------
Wall Time is 
60
Cpu time is
44.72
Wall Time is 
61
Cpu time is
45.42
Wall Time is 
62
Cpu time is
45.43
Wall Time is 
61
Cpu time is
0.06
Wall Time is 
60
Cpu time is
34.16
Wall Time is 
61
Cpu time is
35.06
Wall Time is 
62
Cpu time is
35.56
Wall Time is 
63
Cpu time is
35.65
Wall Time is 
61
Cpu time is
0.05
Listening for connection ...
--------------------------------
Listening for connection ...
--------------------------------
Listening for connection ...
--------------------------------
Listening for connection ...
--------------------------------
Listening for connection ...
--------------------------------
Listening for connection ...
--------------------------------
Listening for connection ...
--------------------------------
Listening for connection ...
--------------------------------
Wall Time is 
60
Cpu time is
41.5
Wall Time is 
61
Cpu time is
41.94
Wall Time is 
62
Cpu time is
42.55
Wall Time is 
63
Cpu time is
43.0
Wall Time is 
60
Cpu time is
0.49
